<?xml version="1.0" encoding="UTF-8"?>
<testsuite name="CardGameTest" tests="1" skipped="0" failures="0" errors="0" timestamp="2022-04-09T12:08:27" hostname="CAB-WSM-0017833" time="1.479">
  <properties/>
  <testcase name="start" classname="CardGameTest" time="1.479"/>
  <system-out><![CDATA[?[1;31m
Start test 1?[0m
Indigo Card Game
Play first?
> > yes
Initial cards on the table: 10♥ A♣ 8♣ 9♥

4 cards on the table, and the top card is 9♥
Cards in hand: 1)J♥ 2)9♣ 3)K♠ 4)Q♥ 5)A♦ 6)6♠
Choose a card to play (1-6):
> > 1
Player wins cards
Score: Player 3 - Computer 0
Cards: Player 5 - Computer 0

No cards on the table
9♠ 3♣ J♦ 7♠ A♥ 2♦
Computer plays 9♠

1 cards on the table, and the top card is 9♠
Cards in hand: 1)9♣ 2)K♠ 3)Q♥ 4)A♦ 5)6♠
Choose a card to play (1-5):
> > 2
Player wins cards
Score: Player 4 - Computer 0
Cards: Player 7 - Computer 0

No cards on the table
3♣ J♦ 7♠ A♥ 2♦
Computer plays J♦

1 cards on the table, and the top card is J♦
Cards in hand: 1)9♣ 2)Q♥ 3)A♦ 4)6♠
Choose a card to play (1-4):
> > 3
Player wins cards
Score: Player 6 - Computer 0
Cards: Player 9 - Computer 0

No cards on the table
3♣ 7♠ A♥ 2♦
Computer plays 3♣

1 cards on the table, and the top card is 3♣
Cards in hand: 1)9♣ 2)Q♥ 3)6♠
Choose a card to play (1-3):
> > 1
Player wins cards
Score: Player 6 - Computer 0
Cards: Player 11 - Computer 0

No cards on the table
7♠ A♥ 2♦
Computer plays A♥

1 cards on the table, and the top card is A♥
Cards in hand: 1)Q♥ 2)6♠
Choose a card to play (1-2):
> > 1
Player wins cards
Score: Player 8 - Computer 0
Cards: Player 13 - Computer 0

No cards on the table
7♠ 2♦
Computer plays 2♦

1 cards on the table, and the top card is 2♦
Cards in hand: 1)6♠
Choose a card to play (1-1):
> > 1

2 cards on the table, and the top card is 6♠
7♠
Computer plays 7♠
Computer wins cards
Score: Player 8 - Computer 0
Cards: Player 13 - Computer 3

No cards on the table
Cards in hand: 1)4♦ 2)7♦ 3)3♥ 4)K♣ 5)J♠ 6)10♦
Choose a card to play (1-6):
> > 2

1 cards on the table, and the top card is 7♦
A♠ 6♥ 7♥ Q♠ 2♣ 5♦
Computer plays 7♥
Computer wins cards
Score: Player 8 - Computer 0
Cards: Player 13 - Computer 5

No cards on the table
Cards in hand: 1)4♦ 2)3♥ 3)K♣ 4)J♠ 5)10♦
Choose a card to play (1-5):
> > 2

1 cards on the table, and the top card is 3♥
A♠ 6♥ Q♠ 2♣ 5♦
Computer plays 6♥
Computer wins cards
Score: Player 8 - Computer 0
Cards: Player 13 - Computer 7

No cards on the table
Cards in hand: 1)4♦ 2)K♣ 3)J♠ 4)10♦
Choose a card to play (1-4):
> > 1

1 cards on the table, and the top card is 4♦
A♠ Q♠ 2♣ 5♦
Computer plays 5♦
Computer wins cards
Score: Player 8 - Computer 0
Cards: Player 13 - Computer 9

No cards on the table
Cards in hand: 1)K♣ 2)J♠ 3)10♦
Choose a card to play (1-3):
> > 3

1 cards on the table, and the top card is 10♦
A♠ Q♠ 2♣
Computer plays A♠

2 cards on the table, and the top card is A♠
Cards in hand: 1)K♣ 2)J♠
Choose a card to play (1-2):
> > 2
Player wins cards
Score: Player 11 - Computer 0
Cards: Player 16 - Computer 9

No cards on the table
Q♠ 2♣
Computer plays 2♣

1 cards on the table, and the top card is 2♣
Cards in hand: 1)K♣
Choose a card to play (1-1):
> > 1
Player wins cards
Score: Player 12 - Computer 0
Cards: Player 18 - Computer 9

No cards on the table
Q♠
Computer plays Q♠

1 cards on the table, and the top card is Q♠
Cards in hand: 1)4♠ 2)2♠ 3)7♣ 4)6♦ 5)10♣ 6)Q♣
Choose a card to play (1-6):
> > 1
Player wins cards
Score: Player 13 - Computer 0
Cards: Player 20 - Computer 9

No cards on the table
5♥ K♥ 5♠ 8♦ Q♦ 4♣
Computer plays 5♥

1 cards on the table, and the top card is 5♥
Cards in hand: 1)2♠ 2)7♣ 3)6♦ 4)10♣ 5)Q♣
Choose a card to play (1-5):
> > 2

2 cards on the table, and the top card is 7♣
K♥ 5♠ 8♦ Q♦ 4♣
Computer plays 4♣
Computer wins cards
Score: Player 13 - Computer 0
Cards: Player 20 - Computer 12

No cards on the table
Cards in hand: 1)2♠ 2)6♦ 3)10♣ 4)Q♣
Choose a card to play (1-4):
> > 3

1 cards on the table, and the top card is 10♣
K♥ 5♠ 8♦ Q♦
Computer plays 8♦

2 cards on the table, and the top card is 8♦
Cards in hand: 1)2♠ 2)6♦ 3)Q♣
Choose a card to play (1-3):
> > 2
Player wins cards
Score: Player 14 - Computer 0
Cards: Player 23 - Computer 12

No cards on the table
K♥ 5♠ Q♦
Computer plays K♥

1 cards on the table, and the top card is K♥
Cards in hand: 1)2♠ 2)Q♣
Choose a card to play (1-2):
> > 1

2 cards on the table, and the top card is 2♠
5♠ Q♦
Computer plays 5♠
Computer wins cards
Score: Player 14 - Computer 1
Cards: Player 23 - Computer 15

No cards on the table
Cards in hand: 1)Q♣
Choose a card to play (1-1):
> > 1

1 cards on the table, and the top card is Q♣
Q♦
Computer plays Q♦
Computer wins cards
Score: Player 14 - Computer 3
Cards: Player 23 - Computer 17

No cards on the table
Cards in hand: 1)9♦ 2)8♥ 3)K♦ 4)3♠ 5)10♠ 6)J♣
Choose a card to play (1-6):
> > 1

1 cards on the table, and the top card is 9♦
2♥ 3♦ 6♣ 8♠ 4♥ 5♣
Computer plays 3♦
Computer wins cards
Score: Player 14 - Computer 3
Cards: Player 23 - Computer 19

No cards on the table
Cards in hand: 1)8♥ 2)K♦ 3)3♠ 4)10♠ 5)J♣
Choose a card to play (1-5):
> > 2

1 cards on the table, and the top card is K♦
2♥ 6♣ 8♠ 4♥ 5♣
Computer plays 2♥

2 cards on the table, and the top card is 2♥
Cards in hand: 1)8♥ 2)3♠ 3)10♠ 4)J♣
Choose a card to play (1-4):
> > 1
Player wins cards
Score: Player 15 - Computer 3
Cards: Player 26 - Computer 19

No cards on the table
6♣ 8♠ 4♥ 5♣
Computer plays 6♣

1 cards on the table, and the top card is 6♣
Cards in hand: 1)3♠ 2)10♠ 3)J♣
Choose a card to play (1-3):
> > 3
Player wins cards
Score: Player 16 - Computer 3
Cards: Player 28 - Computer 19

No cards on the table
8♠ 4♥ 5♣
Computer plays 4♥

1 cards on the table, and the top card is 4♥
Cards in hand: 1)3♠ 2)10♠
Choose a card to play (1-2):
> > 1

2 cards on the table, and the top card is 3♠
8♠ 5♣
Computer plays 8♠
Computer wins cards
Score: Player 16 - Computer 3
Cards: Player 28 - Computer 22

No cards on the table
Cards in hand: 1)10♠
Choose a card to play (1-1):
> > 1

1 cards on the table, and the top card is 10♠
5♣
Computer plays 5♣

2 cards on the table, and the top card is 5♣
Score: Player 19 - Computer 4
Cards: Player 28 - Computer 24
Game Over
Indigo Card Game
Play first?
> > yes
Initial cards on the table: 5♠ 4♥ 9♥ 4♦

4 cards on the table, and the top card is 4♦
Cards in hand: 1)9♠ 2)J♣ 3)Q♣ 4)3♥ 5)J♥ 6)K♦
Choose a card to play (1-6):
> > 6
Player wins cards
Score: Player 1 - Computer 0
Cards: Player 5 - Computer 0

No cards on the table
K♥ 9♣ 2♥ Q♥ 8♥ 6♠
Computer plays K♥

1 cards on the table, and the top card is K♥
Cards in hand: 1)9♠ 2)J♣ 3)Q♣ 4)3♥ 5)J♥
Choose a card to play (1-5):
> > 4
Player wins cards
Score: Player 2 - Computer 0
Cards: Player 7 - Computer 0

No cards on the table
9♣ 2♥ Q♥ 8♥ 6♠
Computer plays 2♥

1 cards on the table, and the top card is 2♥
Cards in hand: 1)9♠ 2)J♣ 3)Q♣ 4)J♥
Choose a card to play (1-4):
> > 4
Player wins cards
Score: Player 3 - Computer 0
Cards: Player 9 - Computer 0

No cards on the table
9♣ Q♥ 8♥ 6♠
Computer plays Q♥

1 cards on the table, and the top card is Q♥
Cards in hand: 1)9♠ 2)J♣ 3)Q♣
Choose a card to play (1-3):
> > 3
Player wins cards
Score: Player 5 - Computer 0
Cards: Player 11 - Computer 0

No cards on the table
9♣ 8♥ 6♠
Computer plays 8♥

1 cards on the table, and the top card is 8♥
Cards in hand: 1)9♠ 2)J♣
Choose a card to play (1-2):
> > 1

2 cards on the table, and the top card is 9♠
9♣ 6♠
Computer plays 9♣
Computer wins cards
Score: Player 5 - Computer 0
Cards: Player 11 - Computer 3

No cards on the table
Cards in hand: 1)J♣
Choose a card to play (1-1):
> > 1

1 cards on the table, and the top card is J♣
6♠
Computer plays 6♠

2 cards on the table, and the top card is 6♠
Cards in hand: 1)A♠ 2)10♥ 3)Q♦ 4)6♦ 5)6♣ 6)3♠
Choose a card to play (1-6):
> > 1
Player wins cards
Score: Player 7 - Computer 0
Cards: Player 14 - Computer 3

No cards on the table
7♥ 7♠ 4♠ 10♣ 5♥ 2♠
Computer plays 7♠

1 cards on the table, and the top card is 7♠
Cards in hand: 1)10♥ 2)Q♦ 3)6♦ 4)6♣ 5)3♠
Choose a card to play (1-5):
> > 5
Player wins cards
Score: Player 7 - Computer 0
Cards: Player 16 - Computer 3

No cards on the table
7♥ 4♠ 10♣ 5♥ 2♠
Computer plays 7♥

1 cards on the table, and the top card is 7♥
Cards in hand: 1)10♥ 2)Q♦ 3)6♦ 4)6♣
Choose a card to play (1-4):
> > 1
Player wins cards
Score: Player 8 - Computer 0
Cards: Player 18 - Computer 3

No cards on the table
4♠ 10♣ 5♥ 2♠
Computer plays 4♠

1 cards on the table, and the top card is 4♠
Cards in hand: 1)Q♦ 2)6♦ 3)6♣
Choose a card to play (1-3):
> > 1

2 cards on the table, and the top card is Q♦
10♣ 5♥ 2♠
Computer plays 10♣

3 cards on the table, and the top card is 10♣
Cards in hand: 1)6♦ 2)6♣
Choose a card to play (1-2):
> > 2
Player wins cards
Score: Player 10 - Computer 0
Cards: Player 22 - Computer 3

No cards on the table
5♥ 2♠
Computer plays 2♠

1 cards on the table, and the top card is 2♠
Cards in hand: 1)6♦
Choose a card to play (1-1):
> > 1

2 cards on the table, and the top card is 6♦
5♥
Computer plays 5♥

3 cards on the table, and the top card is 5♥
Cards in hand: 1)2♦ 2)2♣ 3)5♦ 4)J♦ 5)10♠ 6)J♠
Choose a card to play (1-6):
> > 3
Player wins cards
Score: Player 10 - Computer 0
Cards: Player 26 - Computer 3

No cards on the table
K♠ 9♦ 8♣ 10♦ A♥ 3♦
Computer plays 9♦

1 cards on the table, and the top card is 9♦
Cards in hand: 1)2♦ 2)2♣ 3)J♦ 4)10♠ 5)J♠
Choose a card to play (1-5):
> > 1
Player wins cards
Score: Player 10 - Computer 0
Cards: Player 28 - Computer 3

No cards on the table
K♠ 8♣ 10♦ A♥ 3♦
Computer plays 10♦

1 cards on the table, and the top card is 10♦
Cards in hand: 1)2♣ 2)J♦ 3)10♠ 4)J♠
Choose a card to play (1-4):
> > 2
Player wins cards
Score: Player 12 - Computer 0
Cards: Player 30 - Computer 3

No cards on the table
K♠ 8♣ A♥ 3♦
Computer plays A♥

1 cards on the table, and the top card is A♥
Cards in hand: 1)2♣ 2)10♠ 3)J♠
Choose a card to play (1-3):
> > 2

2 cards on the table, and the top card is 10♠
K♠ 8♣ 3♦
Computer plays K♠
Computer wins cards
Score: Player 12 - Computer 3
Cards: Player 30 - Computer 6

No cards on the table
Cards in hand: 1)2♣ 2)J♠
Choose a card to play (1-2):
> > 2

1 cards on the table, and the top card is J♠
8♣ 3♦
Computer plays 8♣

2 cards on the table, and the top card is 8♣
Cards in hand: 1)2♣
Choose a card to play (1-1):
> > 1
Player wins cards
Score: Player 13 - Computer 3
Cards: Player 33 - Computer 6

No cards on the table
3♦
Computer plays 3♦

1 cards on the table, and the top card is 3♦
Cards in hand: 1)8♦ 2)Q♠ 3)A♦ 4)5♣ 5)7♦ 6)3♣
Choose a card to play (1-6):
> > 1
Player wins cards
Score: Player 13 - Computer 3
Cards: Player 35 - Computer 6

No cards on the table
A♣ 4♣ K♣ 7♣ 8♠ 6♥
Computer plays A♣

1 cards on the table, and the top card is A♣
Cards in hand: 1)Q♠ 2)A♦ 3)5♣ 4)7♦ 5)3♣
Choose a card to play (1-5):
> > 3
Player wins cards
Score: Player 14 - Computer 3
Cards: Player 37 - Computer 6

No cards on the table
4♣ K♣ 7♣ 8♠ 6♥
Computer plays 4♣

1 cards on the table, and the top card is 4♣
Cards in hand: 1)Q♠ 2)A♦ 3)7♦ 4)3♣
Choose a card to play (1-4):
> > 4
Player wins cards
Score: Player 14 - Computer 3
Cards: Player 39 - Computer 6

No cards on the table
K♣ 7♣ 8♠ 6♥
Computer plays K♣

1 cards on the table, and the top card is K♣
Cards in hand: 1)Q♠ 2)A♦ 3)7♦
Choose a card to play (1-3):
> > 2

2 cards on the table, and the top card is A♦
7♣ 8♠ 6♥
Computer plays 6♥

3 cards on the table, and the top card is 6♥
Cards in hand: 1)Q♠ 2)7♦
Choose a card to play (1-2):
> > 1

4 cards on the table, and the top card is Q♠
7♣ 8♠
Computer plays 8♠
Computer wins cards
Score: Player 14 - Computer 6
Cards: Player 39 - Computer 11

No cards on the table
Cards in hand: 1)7♦
Choose a card to play (1-1):
> > 1

1 cards on the table, and the top card is 7♦
7♣
Computer plays 7♣
Computer wins cards
Score: Player 14 - Computer 6
Cards: Player 39 - Computer 13

No cards on the table
Score: Player 17 - Computer 6
Cards: Player 39 - Computer 13
Game Over
Indigo Card Game
Play first?
> > yes
Initial cards on the table: K♣ 5♣ 8♣ Q♠

4 cards on the table, and the top card is Q♠
Cards in hand: 1)3♥ 2)2♦ 3)Q♥ 4)A♦ 5)K♥ 6)4♣
Choose a card to play (1-6):
> > 3
Player wins cards
Score: Player 3 - Computer 0
Cards: Player 5 - Computer 0

No cards on the table
4♦ 7♣ 10♦ 8♠ 3♠ 3♦
Computer plays 4♦

1 cards on the table, and the top card is 4♦
Cards in hand: 1)3♥ 2)2♦ 3)A♦ 4)K♥ 5)4♣
Choose a card to play (1-5):
> > 2
Player wins cards
Score: Player 3 - Computer 0
Cards: Player 7 - Computer 0

No cards on the table
7♣ 10♦ 8♠ 3♠ 3♦
Computer plays 10♦

1 cards on the table, and the top card is 10♦
Cards in hand: 1)3♥ 2)A♦ 3)K♥ 4)4♣
Choose a card to play (1-4):
> > 2
Player wins cards
Score: Player 5 - Computer 0
Cards: Player 9 - Computer 0

No cards on the table
7♣ 8♠ 3♠ 3♦
Computer plays 8♠

1 cards on the table, and the top card is 8♠
Cards in hand: 1)3♥ 2)K♥ 3)4♣
Choose a card to play (1-3):
> > 1

2 cards on the table, and the top card is 3♥
7♣ 3♠ 3♦
Computer plays 3♠
Computer wins cards
Score: Player 5 - Computer 0
Cards: Player 9 - Computer 3

No cards on the table
Cards in hand: 1)K♥ 2)4♣
Choose a card to play (1-2):
> > 1

1 cards on the table, and the top card is K♥
7♣ 3♦
Computer plays 7♣

2 cards on the table, and the top card is 7♣
Cards in hand: 1)4♣
Choose a card to play (1-1):
> > 1
Player wins cards
Score: Player 6 - Computer 0
Cards: Player 12 - Computer 3

No cards on the table
3♦
Computer plays 3♦

1 cards on the table, and the top card is 3♦
Cards in hand: 1)6♥ 2)2♠ 3)5♦ 4)4♠ 5)9♣ 6)A♠
Choose a card to play (1-6):
> > 3
Player wins cards
Score: Player 6 - Computer 0
Cards: Player 14 - Computer 3

No cards on the table
3♣ 10♥ 8♦ 5♥ 10♣ J♠
Computer plays 3♣

1 cards on the table, and the top card is 3♣
Cards in hand: 1)6♥ 2)2♠ 3)4♠ 4)9♣ 5)A♠
Choose a card to play (1-5):
> > 4
Player wins cards
Score: Player 6 - Computer 0
Cards: Player 16 - Computer 3

No cards on the table
10♥ 8♦ 5♥ 10♣ J♠
Computer plays 10♥

1 cards on the table, and the top card is 10♥
Cards in hand: 1)6♥ 2)2♠ 3)4♠ 4)A♠
Choose a card to play (1-4):
> > 1
Player wins cards
Score: Player 7 - Computer 0
Cards: Player 18 - Computer 3

No cards on the table
8♦ 5♥ 10♣ J♠
Computer plays 5♥

1 cards on the table, and the top card is 5♥
Cards in hand: 1)2♠ 2)4♠ 3)A♠
Choose a card to play (1-3):
> > 1

2 cards on the table, and the top card is 2♠
8♦ 10♣ J♠
Computer plays J♠
Computer wins cards
Score: Player 7 - Computer 1
Cards: Player 18 - Computer 6

No cards on the table
Cards in hand: 1)4♠ 2)A♠
Choose a card to play (1-2):
> > 1

1 cards on the table, and the top card is 4♠
8♦ 10♣
Computer plays 10♣

2 cards on the table, and the top card is 10♣
Cards in hand: 1)A♠
Choose a card to play (1-1):
> > 1

3 cards on the table, and the top card is A♠
8♦
Computer plays 8♦

4 cards on the table, and the top card is 8♦
Cards in hand: 1)8♥ 2)J♦ 3)K♠ 4)7♥ 5)9♠ 6)6♣
Choose a card to play (1-6):
> > 1
Player wins cards
Score: Player 9 - Computer 1
Cards: Player 23 - Computer 6

No cards on the table
A♣ 10♠ 6♠ Q♦ 7♠ 4♥
Computer plays 10♠

1 cards on the table, and the top card is 10♠
Cards in hand: 1)J♦ 2)K♠ 3)7♥ 4)9♠ 5)6♣
Choose a card to play (1-5):
> > 2
Player wins cards
Score: Player 11 - Computer 1
Cards: Player 25 - Computer 6

No cards on the table
A♣ 6♠ Q♦ 7♠ 4♥
Computer plays 6♠

1 cards on the table, and the top card is 6♠
Cards in hand: 1)J♦ 2)7♥ 3)9♠ 4)6♣
Choose a card to play (1-4):
> > 3
Player wins cards
Score: Player 11 - Computer 1
Cards: Player 27 - Computer 6

No cards on the table
A♣ Q♦ 7♠ 4♥
Computer plays Q♦

1 cards on the table, and the top card is Q♦
Cards in hand: 1)J♦ 2)7♥ 3)6♣
Choose a card to play (1-3):
> > 1
Player wins cards
Score: Player 13 - Computer 1
Cards: Player 29 - Computer 6

No cards on the table
A♣ 7♠ 4♥
Computer plays 7♠

1 cards on the table, and the top card is 7♠
Cards in hand: 1)7♥ 2)6♣
Choose a card to play (1-2):
> > 1
Player wins cards
Score: Player 13 - Computer 1
Cards: Player 31 - Computer 6

No cards on the table
A♣ 4♥
Computer plays A♣

1 cards on the table, and the top card is A♣
Cards in hand: 1)6♣
Choose a card to play (1-1):
> > 1
Player wins cards
Score: Player 14 - Computer 1
Cards: Player 33 - Computer 6

No cards on the table
4♥
Computer plays 4♥

1 cards on the table, and the top card is 4♥
Cards in hand: 1)7♦ 2)A♥ 3)6♦ 4)K♦ 5)J♥ 6)2♥
Choose a card to play (1-6):
> > 2
Player wins cards
Score: Player 15 - Computer 1
Cards: Player 35 - Computer 6

No cards on the table
J♣ 2♣ 5♠ 9♦ Q♣ 9♥
Computer plays J♣

1 cards on the table, and the top card is J♣
Cards in hand: 1)7♦ 2)6♦ 3)K♦ 4)J♥ 5)2♥
Choose a card to play (1-5):
> > 4
Player wins cards
Score: Player 17 - Computer 1
Cards: Player 37 - Computer 6

No cards on the table
2♣ 5♠ 9♦ Q♣ 9♥
Computer plays 2♣

1 cards on the table, and the top card is 2♣
Cards in hand: 1)7♦ 2)6♦ 3)K♦ 4)2♥
Choose a card to play (1-4):
> > 4
Player wins cards
Score: Player 17 - Computer 1
Cards: Player 39 - Computer 6

No cards on the table
5♠ 9♦ Q♣ 9♥
Computer plays 9♦

1 cards on the table, and the top card is 9♦
Cards in hand: 1)7♦ 2)6♦ 3)K♦
Choose a card to play (1-3):
> > 1
Player wins cards
Score: Player 17 - Computer 1
Cards: Player 41 - Computer 6

No cards on the table
5♠ Q♣ 9♥
Computer plays 9♥

1 cards on the table, and the top card is 9♥
Cards in hand: 1)6♦ 2)K♦
Choose a card to play (1-2):
> > 1

2 cards on the table, and the top card is 6♦
5♠ Q♣
Computer plays Q♣

3 cards on the table, and the top card is Q♣
Cards in hand: 1)K♦
Choose a card to play (1-1):
> > 1

4 cards on the table, and the top card is K♦
5♠
Computer plays 5♠

5 cards on the table, and the top card is 5♠
Score: Player 22 - Computer 1
Cards: Player 46 - Computer 6
Game Over
Indigo Card Game
Play first?
> > yes
Initial cards on the table: K♣ J♣ Q♦ K♥

4 cards on the table, and the top card is K♥
Cards in hand: 1)6♦ 2)2♣ 3)4♥ 4)6♥ 5)9♥ 6)J♥
Choose a card to play (1-6):
> > 3
Player wins cards
Score: Player 4 - Computer 0
Cards: Player 5 - Computer 0

No cards on the table
7♦ 6♣ 5♣ 8♠ K♦ Q♠
Computer plays 7♦

1 cards on the table, and the top card is 7♦
Cards in hand: 1)6♦ 2)2♣ 3)6♥ 4)9♥ 5)J♥
Choose a card to play (1-5):
> > 1
Player wins cards
Score: Player 4 - Computer 0
Cards: Player 7 - Computer 0

No cards on the table
6♣ 5♣ 8♠ K♦ Q♠
Computer plays 6♣

1 cards on the table, and the top card is 6♣
Cards in hand: 1)2♣ 2)6♥ 3)9♥ 4)J♥
Choose a card to play (1-4):
> > 1
Player wins cards
Score: Player 4 - Computer 0
Cards: Player 9 - Computer 0

No cards on the table
5♣ 8♠ K♦ Q♠
Computer plays 8♠

1 cards on the table, and the top card is 8♠
Cards in hand: 1)6♥ 2)9♥ 3)J♥
Choose a card to play (1-3):
> > 1

2 cards on the table, and the top card is 6♥
5♣ K♦ Q♠
Computer plays K♦

3 cards on the table, and the top card is K♦
Cards in hand: 1)9♥ 2)J♥
Choose a card to play (1-2):
> > 1

4 cards on the table, and the top card is 9♥
5♣ Q♠
Computer plays Q♠

5 cards on the table, and the top card is Q♠
Cards in hand: 1)J♥
Choose a card to play (1-1):
> > 1

6 cards on the table, and the top card is J♥
5♣
Computer plays 5♣

7 cards on the table, and the top card is 5♣
Cards in hand: 1)7♥ 2)A♦ 3)5♠ 4)9♠ 5)Q♥ 6)9♣
Choose a card to play (1-6):
> > 3
Player wins cards
Score: Player 7 - Computer 0
Cards: Player 17 - Computer 0

No cards on the table
8♦ 5♦ 4♠ 10♣ J♠ 3♣
Computer plays 8♦

1 cards on the table, and the top card is 8♦
Cards in hand: 1)7♥ 2)A♦ 3)9♠ 4)Q♥ 5)9♣
Choose a card to play (1-5):
> > 2
Player wins cards
Score: Player 8 - Computer 0
Cards: Player 19 - Computer 0

No cards on the table
5♦ 4♠ 10♣ J♠ 3♣
Computer plays 4♠

1 cards on the table, and the top card is 4♠
Cards in hand: 1)7♥ 2)9♠ 3)Q♥ 4)9♣
Choose a card to play (1-4):
> > 2
Player wins cards
Score: Player 8 - Computer 0
Cards: Player 21 - Computer 0

No cards on the table
5♦ 10♣ J♠ 3♣
Computer plays 10♣

1 cards on the table, and the top card is 10♣
Cards in hand: 1)7♥ 2)Q♥ 3)9♣
Choose a card to play (1-3):
> > 3
Player wins cards
Score: Player 9 - Computer 0
Cards: Player 23 - Computer 0

No cards on the table
5♦ J♠ 3♣
Computer plays J♠

1 cards on the table, and the top card is J♠
Cards in hand: 1)7♥ 2)Q♥
Choose a card to play (1-2):
> > 1

2 cards on the table, and the top card is 7♥
5♦ 3♣
Computer plays 3♣

3 cards on the table, and the top card is 3♣
Cards in hand: 1)Q♥
Choose a card to play (1-1):
> > 1

4 cards on the table, and the top card is Q♥
5♦
Computer plays 5♦

5 cards on the table, and the top card is 5♦
Cards in hand: 1)6♠ 2)Q♣ 3)4♣ 4)3♥ 5)2♥ 6)3♦
Choose a card to play (1-6):
> > 6
Player wins cards
Score: Player 11 - Computer 0
Cards: Player 29 - Computer 0

No cards on the table
7♠ A♠ 8♥ 4♦ K♠ 10♠
Computer plays 7♠

1 cards on the table, and the top card is 7♠
Cards in hand: 1)6♠ 2)Q♣ 3)4♣ 4)3♥ 5)2♥
Choose a card to play (1-5):
> > 1
Player wins cards
Score: Player 11 - Computer 0
Cards: Player 31 - Computer 0

No cards on the table
A♠ 8♥ 4♦ K♠ 10♠
Computer plays A♠

1 cards on the table, and the top card is A♠
Cards in hand: 1)Q♣ 2)4♣ 3)3♥ 4)2♥
Choose a card to play (1-4):
> > 3

2 cards on the table, and the top card is 3♥
8♥ 4♦ K♠ 10♠
Computer plays 8♥
Computer wins cards
Score: Player 11 - Computer 1
Cards: Player 31 - Computer 3

No cards on the table
Cards in hand: 1)Q♣ 2)4♣ 3)2♥
Choose a card to play (1-3):
> > 3

1 cards on the table, and the top card is 2♥
4♦ K♠ 10♠
Computer plays K♠

2 cards on the table, and the top card is K♠
Cards in hand: 1)Q♣ 2)4♣
Choose a card to play (1-2):
> > 1

3 cards on the table, and the top card is Q♣
4♦ 10♠
Computer plays 4♦

4 cards on the table, and the top card is 4♦
Cards in hand: 1)4♣
Choose a card to play (1-1):
> > 1
Player wins cards
Score: Player 13 - Computer 1
Cards: Player 36 - Computer 3

No cards on the table
10♠
Computer plays 10♠

1 cards on the table, and the top card is 10♠
Cards in hand: 1)3♠ 2)7♣ 3)J♦ 4)A♥ 5)2♦ 6)9♦
Choose a card to play (1-6):
> > 1
Player wins cards
Score: Player 14 - Computer 1
Cards: Player 38 - Computer 3

No cards on the table
5♥ 10♥ 2♠ 8♣ 10♦ A♣
Computer plays 5♥

1 cards on the table, and the top card is 5♥
Cards in hand: 1)7♣ 2)J♦ 3)A♥ 4)2♦ 5)9♦
Choose a card to play (1-5):
> > 3
Player wins cards
Score: Player 15 - Computer 1
Cards: Player 40 - Computer 3

No cards on the table
10♥ 2♠ 8♣ 10♦ A♣
Computer plays 8♣

1 cards on the table, and the top card is 8♣
Cards in hand: 1)7♣ 2)J♦ 3)2♦ 4)9♦
Choose a card to play (1-4):
> > 1
Player wins cards
Score: Player 15 - Computer 1
Cards: Player 42 - Computer 3

No cards on the table
10♥ 2♠ 10♦ A♣
Computer plays 10♥

1 cards on the table, and the top card is 10♥
Cards in hand: 1)J♦ 2)2♦ 3)9♦
Choose a card to play (1-3):
> > 1

2 cards on the table, and the top card is J♦
2♠ 10♦ A♣
Computer plays 10♦
Computer wins cards
Score: Player 15 - Computer 4
Cards: Player 42 - Computer 6

No cards on the table
Cards in hand: 1)2♦ 2)9♦
Choose a card to play (1-2):
> > 1

1 cards on the table, and the top card is 2♦
2♠ A♣
Computer plays 2♠
Computer wins cards
Score: Player 15 - Computer 4
Cards: Player 42 - Computer 8

No cards on the table
Cards in hand: 1)9♦
Choose a card to play (1-1):
> > 1

1 cards on the table, and the top card is 9♦
A♣
Computer plays A♣

2 cards on the table, and the top card is A♣
Score: Player 18 - Computer 5
Cards: Player 42 - Computer 10
Game Over
Indigo Card Game
Play first?
> > yes
Initial cards on the table: 7♠ A♦ 6♣ 2♦

4 cards on the table, and the top card is 2♦
Cards in hand: 1)A♣ 2)2♣ 3)2♥ 4)6♥ 5)J♠ 6)4♠
Choose a card to play (1-6):
> > 2
Player wins cards
Score: Player 1 - Computer 0
Cards: Player 5 - Computer 0

No cards on the table
10♠ 9♦ 9♠ A♥ 3♠ 7♦
Computer plays 10♠

1 cards on the table, and the top card is 10♠
Cards in hand: 1)A♣ 2)2♥ 3)6♥ 4)J♠ 5)4♠
Choose a card to play (1-5):
> > 4
Player wins cards
Score: Player 3 - Computer 0
Cards: Player 7 - Computer 0

No cards on the table
9♦ 9♠ A♥ 3♠ 7♦
Computer plays 9♦

1 cards on the table, and the top card is 9♦
Cards in hand: 1)A♣ 2)2♥ 3)6♥ 4)4♠
Choose a card to play (1-4):
> > 2

2 cards on the table, and the top card is 2♥
9♠ A♥ 3♠ 7♦
Computer plays A♥
Computer wins cards
Score: Player 3 - Computer 1
Cards: Player 7 - Computer 3

No cards on the table
Cards in hand: 1)A♣ 2)6♥ 3)4♠
Choose a card to play (1-3):
> > 1

1 cards on the table, and the top card is A♣
9♠ 3♠ 7♦
Computer plays 9♠

2 cards on the table, and the top card is 9♠
Cards in hand: 1)6♥ 2)4♠
Choose a card to play (1-2):
> > 2
Player wins cards
Score: Player 4 - Computer 1
Cards: Player 10 - Computer 3

No cards on the table
3♠ 7♦
Computer plays 7♦

1 cards on the table, and the top card is 7♦
Cards in hand: 1)6♥
Choose a card to play (1-1):
> > 1

2 cards on the table, and the top card is 6♥
3♠
Computer plays 3♠

3 cards on the table, and the top card is 3♠
Cards in hand: 1)K♥ 2)6♦ 3)Q♦ 4)4♦ 5)9♣ 6)10♣
Choose a card to play (1-6):
> > 2

4 cards on the table, and the top card is 6♦
10♥ 10♦ K♣ 7♥ Q♣ 3♣
Computer plays 10♦
Computer wins cards
Score: Player 4 - Computer 2
Cards: Player 10 - Computer 8

No cards on the table
Cards in hand: 1)K♥ 2)Q♦ 3)4♦ 4)9♣ 5)10♣
Choose a card to play (1-5):
> > 2

1 cards on the table, and the top card is Q♦
10♥ K♣ 7♥ Q♣ 3♣
Computer plays Q♣
Computer wins cards
Score: Player 4 - Computer 4
Cards: Player 10 - Computer 10

No cards on the table
Cards in hand: 1)K♥ 2)4♦ 3)9♣ 4)10♣
Choose a card to play (1-4):
> > 3

1 cards on the table, and the top card is 9♣
10♥ K♣ 7♥ 3♣
Computer plays K♣
Computer wins cards
Score: Player 4 - Computer 5
Cards: Player 10 - Computer 12

No cards on the table
Cards in hand: 1)K♥ 2)4♦ 3)10♣
Choose a card to play (1-3):
> > 1

1 cards on the table, and the top card is K♥
10♥ 7♥ 3♣
Computer plays 10♥
Computer wins cards
Score: Player 4 - Computer 7
Cards: Player 10 - Computer 14

No cards on the table
Cards in hand: 1)4♦ 2)10♣
Choose a card to play (1-2):
> > 2

1 cards on the table, and the top card is 10♣
7♥ 3♣
Computer plays 3♣
Computer wins cards
Score: Player 4 - Computer 8
Cards: Player 10 - Computer 16

No cards on the table
Cards in hand: 1)4♦
Choose a card to play (1-1):
> > 1

1 cards on the table, and the top card is 4♦
7♥
Computer plays 7♥

2 cards on the table, and the top card is 7♥
Cards in hand: 1)4♣ 2)8♦ 3)K♠ 4)8♣ 5)3♦ 6)5♦
Choose a card to play (1-6):
> > 2

3 cards on the table, and the top card is 8♦
K♦ Q♥ 9♥ 6♠ 2♠ 4♥
Computer plays K♦
Computer wins cards
Score: Player 4 - Computer 9
Cards: Player 10 - Computer 20

No cards on the table
Cards in hand: 1)4♣ 2)K♠ 3)8♣ 4)3♦ 5)5♦
Choose a card to play (1-5):
> > 4

1 cards on the table, and the top card is 3♦
Q♥ 9♥ 6♠ 2♠ 4♥
Computer plays Q♥

2 cards on the table, and the top card is Q♥
Cards in hand: 1)4♣ 2)K♠ 3)8♣ 4)5♦
Choose a card to play (1-4):
> > 1

3 cards on the table, and the top card is 4♣
9♥ 6♠ 2♠ 4♥
Computer plays 4♥
Computer wins cards
Score: Player 4 - Computer 10
Cards: Player 10 - Computer 24

No cards on the table
Cards in hand: 1)K♠ 2)8♣ 3)5♦
Choose a card to play (1-3):
> > 1

1 cards on the table, and the top card is K♠
9♥ 6♠ 2♠
Computer plays 6♠
Computer wins cards
Score: Player 4 - Computer 11
Cards: Player 10 - Computer 26

No cards on the table
Cards in hand: 1)8♣ 2)5♦
Choose a card to play (1-2):
> > 1

1 cards on the table, and the top card is 8♣
9♥ 2♠
Computer plays 9♥

2 cards on the table, and the top card is 9♥
Cards in hand: 1)5♦
Choose a card to play (1-1):
> > 1

3 cards on the table, and the top card is 5♦
2♠
Computer plays 2♠

4 cards on the table, and the top card is 2♠
Cards in hand: 1)3♥ 2)8♥ 3)J♣ 4)A♠ 5)8♠ 6)J♥
Choose a card to play (1-6):
> > 4
Player wins cards
Score: Player 5 - Computer 11
Cards: Player 15 - Computer 26

No cards on the table
5♠ J♦ 7♣ Q♠ 5♥ 5♣
Computer plays 5♠

1 cards on the table, and the top card is 5♠
Cards in hand: 1)3♥ 2)8♥ 3)J♣ 4)8♠ 5)J♥
Choose a card to play (1-5):
> > 4
Player wins cards
Score: Player 5 - Computer 11
Cards: Player 17 - Computer 26

No cards on the table
J♦ 7♣ Q♠ 5♥ 5♣
Computer plays 7♣

1 cards on the table, and the top card is 7♣
Cards in hand: 1)3♥ 2)8♥ 3)J♣ 4)J♥
Choose a card to play (1-4):
> > 3
Player wins cards
Score: Player 6 - Computer 11
Cards: Player 19 - Computer 26

No cards on the table
J♦ Q♠ 5♥ 5♣
Computer plays 5♥

1 cards on the table, and the top card is 5♥
Cards in hand: 1)3♥ 2)8♥ 3)J♥
Choose a card to play (1-3):
> > 1
Player wins cards
Score: Player 6 - Computer 11
Cards: Player 21 - Computer 26

No cards on the table
J♦ Q♠ 5♣
Computer plays Q♠

1 cards on the table, and the top card is Q♠
Cards in hand: 1)8♥ 2)J♥
Choose a card to play (1-2):
> > 1

2 cards on the table, and the top card is 8♥
J♦ 5♣
Computer plays 5♣

3 cards on the table, and the top card is 5♣
Cards in hand: 1)J♥
Choose a card to play (1-1):
> > 1

4 cards on the table, and the top card is J♥
J♦
Computer plays J♦
Computer wins cards
Score: Player 6 - Computer 14
Cards: Player 21 - Computer 31

No cards on the table
Score: Player 6 - Computer 17
Cards: Player 21 - Computer 31
Game Over
?[1;31m
Start test 2?[0m
Indigo Card Game
Play first?
> > Hello
Play first?
> > me
Play first?
> > 0
Play first?
> > play
Play first?
> > yes
Initial cards on the table: 5♣ Q♦ J♥ A♣

4 cards on the table, and the top card is A♣
Cards in hand: 1)2♥ 2)7♥ 3)K♣ 4)A♥ 5)Q♥ 6)4♥
Choose a card to play (1-6):
> > exit
Game Over
?[1;31m
Start test 3?[0m
Indigo Card Game
Play first?
> > no
Initial cards on the table: 3♣ 2♥ Q♣ 9♣

4 cards on the table, and the top card is 9♣
7♦ J♣ Q♠ 10♦ 10♥ 5♣
Computer plays J♣
Computer wins cards
Score: Player 0 - Computer 2
Cards: Player 0 - Computer 5

No cards on the table
Cards in hand: 1)2♦ 2)5♦ 3)4♣ 4)K♥ 5)6♠ 6)Q♦
Choose a card to play (1-6):
> > 1

1 cards on the table, and the top card is 2♦
7♦ Q♠ 10♦ 10♥ 5♣
Computer plays 7♦
Computer wins cards
Score: Player 0 - Computer 2
Cards: Player 0 - Computer 7

No cards on the table
Cards in hand: 1)5♦ 2)4♣ 3)K♥ 4)6♠ 5)Q♦
Choose a card to play (1-5):
> > 1

1 cards on the table, and the top card is 5♦
Q♠ 10♦ 10♥ 5♣
Computer plays 5♣
Computer wins cards
Score: Player 0 - Computer 2
Cards: Player 0 - Computer 9

No cards on the table
Cards in hand: 1)4♣ 2)K♥ 3)6♠ 4)Q♦
Choose a card to play (1-4):
> > 1

1 cards on the table, and the top card is 4♣
Q♠ 10♦ 10♥
Computer plays 10♦

2 cards on the table, and the top card is 10♦
Cards in hand: 1)K♥ 2)6♠ 3)Q♦
Choose a card to play (1-3):
> > 1

3 cards on the table, and the top card is K♥
Q♠ 10♥
Computer plays 10♥
Computer wins cards
Score: Player 0 - Computer 5
Cards: Player 0 - Computer 13

No cards on the table
Cards in hand: 1)6♠ 2)Q♦
Choose a card to play (1-2):
> > 1

1 cards on the table, and the top card is 6♠
Q♠
Computer plays Q♠
Computer wins cards
Score: Player 0 - Computer 6
Cards: Player 0 - Computer 15

No cards on the table
Cards in hand: 1)Q♦
Choose a card to play (1-1):
> > 1

1 cards on the table, and the top card is Q♦
8♠ 9♦ J♠ Q♥ 6♦ J♥
Computer plays 9♦
Computer wins cards
Score: Player 0 - Computer 7
Cards: Player 0 - Computer 17

No cards on the table
Cards in hand: 1)8♥ 2)A♥ 3)2♣ 4)3♠ 5)2♠ 6)7♥
Choose a card to play (1-6):
> > 4

1 cards on the table, and the top card is 3♠
8♠ J♠ Q♥ 6♦ J♥
Computer plays 8♠
Computer wins cards
Score: Player 0 - Computer 7
Cards: Player 0 - Computer 19

No cards on the table
Cards in hand: 1)8♥ 2)A♥ 3)2♣ 4)2♠ 5)7♥
Choose a card to play (1-5):
> > 1

1 cards on the table, and the top card is 8♥
J♠ Q♥ 6♦ J♥
Computer plays Q♥
Computer wins cards
Score: Player 0 - Computer 8
Cards: Player 0 - Computer 21

No cards on the table
Cards in hand: 1)A♥ 2)2♣ 3)2♠ 4)7♥
Choose a card to play (1-4):
> > 1

1 cards on the table, and the top card is A♥
J♠ 6♦ J♥
Computer plays J♥
Computer wins cards
Score: Player 0 - Computer 10
Cards: Player 0 - Computer 23

No cards on the table
Cards in hand: 1)2♣ 2)2♠ 3)7♥
Choose a card to play (1-3):
> > 1

1 cards on the table, and the top card is 2♣
J♠ 6♦
Computer plays J♠

2 cards on the table, and the top card is J♠
Cards in hand: 1)2♠ 2)7♥
Choose a card to play (1-2):
> > 1
Player wins cards
Score: Player 1 - Computer 10
Cards: Player 3 - Computer 23

No cards on the table
6♦
Computer plays 6♦

1 cards on the table, and the top card is 6♦
Cards in hand: 1)7♥
Choose a card to play (1-1):
> > 1

2 cards on the table, and the top card is 7♥
6♣ K♣ 3♦ K♠ 7♠ 7♣
Computer plays 7♠
Computer wins cards
Score: Player 1 - Computer 10
Cards: Player 3 - Computer 26

No cards on the table
Cards in hand: 1)J♦ 2)3♥ 3)9♠ 4)A♠ 5)5♥ 6)9♥
Choose a card to play (1-6):
> > 3

1 cards on the table, and the top card is 9♠
6♣ K♣ 3♦ K♠ 7♣
Computer plays K♠
Computer wins cards
Score: Player 1 - Computer 11
Cards: Player 3 - Computer 28

No cards on the table
Cards in hand: 1)J♦ 2)3♥ 3)A♠ 4)5♥ 5)9♥
Choose a card to play (1-5):
> > 2

1 cards on the table, and the top card is 3♥
6♣ K♣ 3♦ 7♣
Computer plays 3♦
Computer wins cards
Score: Player 1 - Computer 11
Cards: Player 3 - Computer 30

No cards on the table
Cards in hand: 1)J♦ 2)A♠ 3)5♥ 4)9♥
Choose a card to play (1-4):
> > 3

1 cards on the table, and the top card is 5♥
6♣ K♣ 7♣
Computer plays 6♣

2 cards on the table, and the top card is 6♣
Cards in hand: 1)J♦ 2)A♠ 3)9♥
Choose a card to play (1-3):
> > 1

3 cards on the table, and the top card is J♦
K♣ 7♣
Computer plays K♣

4 cards on the table, and the top card is K♣
Cards in hand: 1)A♠ 2)9♥
Choose a card to play (1-2):
> > 1

5 cards on the table, and the top card is A♠
7♣
Computer plays 7♣

6 cards on the table, and the top card is 7♣
Cards in hand: 1)9♥
Choose a card to play (1-1):
> > 1

7 cards on the table, and the top card is 9♥
5♠ 4♠ 10♠ 10♣ A♣ 8♣
Computer plays 5♠

8 cards on the table, and the top card is 5♠
Cards in hand: 1)K♦ 2)4♦ 3)A♦ 4)6♥ 5)4♥ 6)8♦
Choose a card to play (1-6):
> > 4

9 cards on the table, and the top card is 6♥
4♠ 10♠ 10♣ A♣ 8♣
Computer plays 10♣

10 cards on the table, and the top card is 10♣
Cards in hand: 1)K♦ 2)4♦ 3)A♦ 4)4♥ 5)8♦
Choose a card to play (1-5):
> > 1

11 cards on the table, and the top card is K♦
4♠ 10♠ A♣ 8♣
Computer plays 4♠

12 cards on the table, and the top card is 4♠
Cards in hand: 1)4♦ 2)A♦ 3)4♥ 4)8♦
Choose a card to play (1-4):
> > 1
Player wins cards
Score: Player 6 - Computer 11
Cards: Player 16 - Computer 30

No cards on the table
10♠ A♣ 8♣
Computer plays A♣

1 cards on the table, and the top card is A♣
Cards in hand: 1)A♦ 2)4♥ 3)8♦
Choose a card to play (1-3):
> > 1
Player wins cards
Score: Player 8 - Computer 11
Cards: Player 18 - Computer 30

No cards on the table
10♠ 8♣
Computer plays 10♠

1 cards on the table, and the top card is 10♠
Cards in hand: 1)4♥ 2)8♦
Choose a card to play (1-2):
> > 1

2 cards on the table, and the top card is 4♥
8♣
Computer plays 8♣

3 cards on the table, and the top card is 8♣
Cards in hand: 1)8♦
Choose a card to play (1-1):
> > 1
Player wins cards
Score: Player 9 - Computer 11
Cards: Player 22 - Computer 30

No cards on the table
Score: Player 9 - Computer 14
Cards: Player 22 - Computer 30
Game Over
Indigo Card Game
Play first?
> > no
Initial cards on the table: 6♦ 5♠ 4♦ K♣

4 cards on the table, and the top card is K♣
A♣ K♥ 10♦ 8♠ 8♥ 4♣
Computer plays A♣
Computer wins cards
Score: Player 0 - Computer 2
Cards: Player 0 - Computer 5

No cards on the table
Cards in hand: 1)A♦ 2)10♣ 3)7♦ 4)3♠ 5)Q♦ 6)4♥
Choose a card to play (1-6):
> > 1

1 cards on the table, and the top card is A♦
K♥ 10♦ 8♠ 8♥ 4♣
Computer plays 10♦
Computer wins cards
Score: Player 0 - Computer 4
Cards: Player 0 - Computer 7

No cards on the table
Cards in hand: 1)10♣ 2)7♦ 3)3♠ 4)Q♦ 5)4♥
Choose a card to play (1-5):
> > 2

1 cards on the table, and the top card is 7♦
K♥ 8♠ 8♥ 4♣
Computer plays K♥

2 cards on the table, and the top card is K♥
Cards in hand: 1)10♣ 2)3♠ 3)Q♦ 4)4♥
Choose a card to play (1-4):
> > 1

3 cards on the table, and the top card is 10♣
8♠ 8♥ 4♣
Computer plays 4♣
Computer wins cards
Score: Player 0 - Computer 6
Cards: Player 0 - Computer 11

No cards on the table
Cards in hand: 1)3♠ 2)Q♦ 3)4♥
Choose a card to play (1-3):
> > 1

1 cards on the table, and the top card is 3♠
8♠ 8♥
Computer plays 8♠
Computer wins cards
Score: Player 0 - Computer 6
Cards: Player 0 - Computer 13

No cards on the table
Cards in hand: 1)Q♦ 2)4♥
Choose a card to play (1-2):
> > 1

1 cards on the table, and the top card is Q♦
8♥
Computer plays 8♥

2 cards on the table, and the top card is 8♥
Cards in hand: 1)4♥
Choose a card to play (1-1):
> > 1
Player wins cards
Score: Player 1 - Computer 6
Cards: Player 3 - Computer 13

No cards on the table
J♣ 5♦ A♥ 10♠ 2♠ 2♥
Computer plays A♥

1 cards on the table, and the top card is A♥
Cards in hand: 1)J♦ 2)9♣ 3)K♠ 4)9♥ 5)5♥ 6)Q♣
Choose a card to play (1-6):
> > 4
Player wins cards
Score: Player 2 - Computer 6
Cards: Player 5 - Computer 13

No cards on the table
J♣ 5♦ 10♠ 2♠ 2♥
Computer plays 10♠

1 cards on the table, and the top card is 10♠
Cards in hand: 1)J♦ 2)9♣ 3)K♠ 4)5♥ 5)Q♣
Choose a card to play (1-5):
> > 2

2 cards on the table, and the top card is 9♣
J♣ 5♦ 2♠ 2♥
Computer plays J♣
Computer wins cards
Score: Player 2 - Computer 8
Cards: Player 5 - Computer 16

No cards on the table
Cards in hand: 1)J♦ 2)K♠ 3)5♥ 4)Q♣
Choose a card to play (1-4):
> > 1

1 cards on the table, and the top card is J♦
5♦ 2♠ 2♥
Computer plays 5♦
Computer wins cards
Score: Player 2 - Computer 9
Cards: Player 5 - Computer 18

No cards on the table
Cards in hand: 1)K♠ 2)5♥ 3)Q♣
Choose a card to play (1-3):
> > 1

1 cards on the table, and the top card is K♠
2♠ 2♥
Computer plays 2♠
Computer wins cards
Score: Player 2 - Computer 10
Cards: Player 5 - Computer 20

No cards on the table
Cards in hand: 1)5♥ 2)Q♣
Choose a card to play (1-2):
> > 1

1 cards on the table, and the top card is 5♥
2♥
Computer plays 2♥
Computer wins cards
Score: Player 2 - Computer 10
Cards: Player 5 - Computer 22

No cards on the table
Cards in hand: 1)Q♣
Choose a card to play (1-1):
> > 1

1 cards on the table, and the top card is Q♣
10♥ 7♠ 7♣ J♠ 8♣ 9♦
Computer plays 7♣
Computer wins cards
Score: Player 2 - Computer 11
Cards: Player 5 - Computer 24

No cards on the table
Cards in hand: 1)J♥ 2)3♣ 3)8♦ 4)A♠ 5)9♠ 6)Q♠
Choose a card to play (1-6):
> > 4

1 cards on the table, and the top card is A♠
10♥ 7♠ J♠ 8♣ 9♦
Computer plays 7♠
Computer wins cards
Score: Player 2 - Computer 12
Cards: Player 5 - Computer 26

No cards on the table
Cards in hand: 1)J♥ 2)3♣ 3)8♦ 4)9♠ 5)Q♠
Choose a card to play (1-5):
> > 4

1 cards on the table, and the top card is 9♠
10♥ J♠ 8♣ 9♦
Computer plays 9♦
Computer wins cards
Score: Player 2 - Computer 12
Cards: Player 5 - Computer 28

No cards on the table
Cards in hand: 1)J♥ 2)3♣ 3)8♦ 4)Q♠
Choose a card to play (1-4):
> > 1

1 cards on the table, and the top card is J♥
10♥ J♠ 8♣
Computer plays J♠
Computer wins cards
Score: Player 2 - Computer 14
Cards: Player 5 - Computer 30

No cards on the table
Cards in hand: 1)3♣ 2)8♦ 3)Q♠
Choose a card to play (1-3):
> > 1

1 cards on the table, and the top card is 3♣
10♥ 8♣
Computer plays 8♣
Computer wins cards
Score: Player 2 - Computer 14
Cards: Player 5 - Computer 32

No cards on the table
Cards in hand: 1)8♦ 2)Q♠
Choose a card to play (1-2):
> > 1

1 cards on the table, and the top card is 8♦
10♥
Computer plays 10♥

2 cards on the table, and the top card is 10♥
Cards in hand: 1)Q♠
Choose a card to play (1-1):
> > 1

3 cards on the table, and the top card is Q♠
3♦ 5♣ Q♥ 6♣ 6♥ 2♦
Computer plays Q♥
Computer wins cards
Score: Player 2 - Computer 17
Cards: Player 5 - Computer 36

No cards on the table
Cards in hand: 1)2♣ 2)K♦ 3)3♥ 4)4♠ 5)7♥ 6)6♠
Choose a card to play (1-6):
> > 4

1 cards on the table, and the top card is 4♠
3♦ 5♣ 6♣ 6♥ 2♦
Computer plays 3♦

2 cards on the table, and the top card is 3♦
Cards in hand: 1)2♣ 2)K♦ 3)3♥ 4)7♥ 5)6♠
Choose a card to play (1-5):
> > 3
Player wins cards
Score: Player 2 - Computer 17
Cards: Player 8 - Computer 36

No cards on the table
5♣ 6♣ 6♥ 2♦
Computer plays 5♣

1 cards on the table, and the top card is 5♣
Cards in hand: 1)2♣ 2)K♦ 3)7♥ 4)6♠
Choose a card to play (1-4):
> > 1
Player wins cards
Score: Player 2 - Computer 17
Cards: Player 10 - Computer 36

No cards on the table
6♣ 6♥ 2♦
Computer plays 6♣

1 cards on the table, and the top card is 6♣
Cards in hand: 1)K♦ 2)7♥ 3)6♠
Choose a card to play (1-3):
> > 1

2 cards on the table, and the top card is K♦
6♥ 2♦
Computer plays 2♦
Computer wins cards
Score: Player 2 - Computer 18
Cards: Player 10 - Computer 39

No cards on the table
Cards in hand: 1)7♥ 2)6♠
Choose a card to play (1-2):
> > 1

1 cards on the table, and the top card is 7♥
6♥
Computer plays 6♥
Computer wins cards
Score: Player 2 - Computer 18
Cards: Player 10 - Computer 41

No cards on the table
Cards in hand: 1)6♠
Choose a card to play (1-1):
> > 1

1 cards on the table, and the top card is 6♠
Score: Player 2 - Computer 21
Cards: Player 10 - Computer 42
Game Over
Indigo Card Game
Play first?
> > no
Initial cards on the table: Q♠ 4♠ A♠ 7♠

4 cards on the table, and the top card is 7♠
7♦ J♦ 9♣ 6♦ J♥ 5♠
Computer plays 7♦
Computer wins cards
Score: Player 0 - Computer 2
Cards: Player 0 - Computer 5

No cards on the table
Cards in hand: 1)J♠ 2)K♣ 3)10♣ 4)8♦ 5)2♠ 6)8♥
Choose a card to play (1-6):
> > 1

1 cards on the table, and the top card is J♠
J♦ 9♣ 6♦ J♥ 5♠
Computer plays J♦
Computer wins cards
Score: Player 0 - Computer 4
Cards: Player 0 - Computer 7

No cards on the table
Cards in hand: 1)K♣ 2)10♣ 3)8♦ 4)2♠ 5)8♥
Choose a card to play (1-5):
> > 1

1 cards on the table, and the top card is K♣
9♣ 6♦ J♥ 5♠
Computer plays 9♣
Computer wins cards
Score: Player 0 - Computer 5
Cards: Player 0 - Computer 9

No cards on the table
Cards in hand: 1)10♣ 2)8♦ 3)2♠ 4)8♥
Choose a card to play (1-4):
> > 2

1 cards on the table, and the top card is 8♦
6♦ J♥ 5♠
Computer plays 6♦
Computer wins cards
Score: Player 0 - Computer 5
Cards: Player 0 - Computer 11

No cards on the table
Cards in hand: 1)10♣ 2)2♠ 3)8♥
Choose a card to play (1-3):
> > 1

1 cards on the table, and the top card is 10♣
J♥ 5♠
Computer plays J♥

2 cards on the table, and the top card is J♥
Cards in hand: 1)2♠ 2)8♥
Choose a card to play (1-2):
> > 1

3 cards on the table, and the top card is 2♠
5♠
Computer plays 5♠
Computer wins cards
Score: Player 0 - Computer 7
Cards: Player 0 - Computer 15

No cards on the table
Cards in hand: 1)8♥
Choose a card to play (1-1):
> > 1

1 cards on the table, and the top card is 8♥
8♠ 2♦ 4♦ 9♠ 7♥ 10♦
Computer plays 8♠
Computer wins cards
Score: Player 0 - Computer 7
Cards: Player 0 - Computer 17

No cards on the table
Cards in hand: 1)6♣ 2)A♦ 3)5♥ 4)2♥ 5)4♣ 6)10♠
Choose a card to play (1-6):
> > 3

1 cards on the table, and the top card is 5♥
2♦ 4♦ 9♠ 7♥ 10♦
Computer plays 7♥
Computer wins cards
Score: Player 0 - Computer 7
Cards: Player 0 - Computer 19

No cards on the table
Cards in hand: 1)6♣ 2)A♦ 3)2♥ 4)4♣ 5)10♠
Choose a card to play (1-5):
> > 1

1 cards on the table, and the top card is 6♣
2♦ 4♦ 9♠ 10♦
Computer plays 2♦

2 cards on the table, and the top card is 2♦
Cards in hand: 1)A♦ 2)2♥ 3)4♣ 4)10♠
Choose a card to play (1-4):
> > 1
Player wins cards
Score: Player 1 - Computer 7
Cards: Player 3 - Computer 19

No cards on the table
4♦ 9♠ 10♦
Computer plays 4♦

1 cards on the table, and the top card is 4♦
Cards in hand: 1)2♥ 2)4♣ 3)10♠
Choose a card to play (1-3):
> > 1

2 cards on the table, and the top card is 2♥
9♠ 10♦
Computer plays 9♠

3 cards on the table, and the top card is 9♠
Cards in hand: 1)4♣ 2)10♠
Choose a card to play (1-2):
> > 1

4 cards on the table, and the top card is 4♣
10♦
Computer plays 10♦

5 cards on the table, and the top card is 10♦
Cards in hand: 1)10♠
Choose a card to play (1-1):
> > 1
Player wins cards
Score: Player 3 - Computer 7
Cards: Player 9 - Computer 19

No cards on the table
A♥ 3♣ 2♣ 3♥ 3♠ Q♦
Computer plays A♥

1 cards on the table, and the top card is A♥
Cards in hand: 1)6♠ 2)J♣ 3)K♥ 4)A♣ 5)4♥ 6)10♥
Choose a card to play (1-6):
> > 3
Player wins cards
Score: Player 5 - Computer 7
Cards: Player 11 - Computer 19

No cards on the table
3♣ 2♣ 3♥ 3♠ Q♦
Computer plays 3♣

1 cards on the table, and the top card is 3♣
Cards in hand: 1)6♠ 2)J♣ 3)A♣ 4)4♥ 5)10♥
Choose a card to play (1-5):
> > 4

2 cards on the table, and the top card is 4♥
2♣ 3♥ 3♠ Q♦
Computer plays 3♥
Computer wins cards
Score: Player 5 - Computer 7
Cards: Player 11 - Computer 22

No cards on the table
Cards in hand: 1)6♠ 2)J♣ 3)A♣ 4)10♥
Choose a card to play (1-4):
> > 2

1 cards on the table, and the top card is J♣
2♣ 3♠ Q♦
Computer plays 2♣
Computer wins cards
Score: Player 5 - Computer 8
Cards: Player 11 - Computer 24

No cards on the table
Cards in hand: 1)6♠ 2)A♣ 3)10♥
Choose a card to play (1-3):
> > 1

1 cards on the table, and the top card is 6♠
3♠ Q♦
Computer plays 3♠
Computer wins cards
Score: Player 5 - Computer 8
Cards: Player 11 - Computer 26

No cards on the table
Cards in hand: 1)A♣ 2)10♥
Choose a card to play (1-2):
> > 1

1 cards on the table, and the top card is A♣
Q♦
Computer plays Q♦

2 cards on the table, and the top card is Q♦
Cards in hand: 1)10♥
Choose a card to play (1-1):
> > 1

3 cards on the table, and the top card is 10♥
5♦ 6♥ 5♣ 8♣ Q♥ 9♦
Computer plays 6♥
Computer wins cards
Score: Player 5 - Computer 11
Cards: Player 11 - Computer 30

No cards on the table
Cards in hand: 1)3♦ 2)K♦ 3)7♣ 4)K♠ 5)Q♣ 6)9♥
Choose a card to play (1-6):
> > 1

1 cards on the table, and the top card is 3♦
5♦ 5♣ 8♣ Q♥ 9♦
Computer plays 5♦
Computer wins cards
Score: Player 5 - Computer 11
Cards: Player 11 - Computer 32

No cards on the table
Cards in hand: 1)K♦ 2)7♣ 3)K♠ 4)Q♣ 5)9♥
Choose a card to play (1-5):
> > 2

1 cards on the table, and the top card is 7♣
5♣ 8♣ Q♥ 9♦
Computer plays 5♣
Computer wins cards
Score: Player 5 - Computer 11
Cards: Player 11 - Computer 34

No cards on the table
Cards in hand: 1)K♦ 2)K♠ 3)Q♣ 4)9♥
Choose a card to play (1-4):
> > 1

1 cards on the table, and the top card is K♦
8♣ Q♥ 9♦
Computer plays 9♦
Computer wins cards
Score: Player 5 - Computer 12
Cards: Player 11 - Computer 36

No cards on the table
Cards in hand: 1)K♠ 2)Q♣ 3)9♥
Choose a card to play (1-3):
> > 1

1 cards on the table, and the top card is K♠
8♣ Q♥
Computer plays Q♥

2 cards on the table, and the top card is Q♥
Cards in hand: 1)Q♣ 2)9♥
Choose a card to play (1-2):
> > 1
Player wins cards
Score: Player 8 - Computer 12
Cards: Player 14 - Computer 36

No cards on the table
8♣
Computer plays 8♣

1 cards on the table, and the top card is 8♣
Cards in hand: 1)9♥
Choose a card to play (1-1):
> > 1

2 cards on the table, and the top card is 9♥
Score: Player 8 - Computer 15
Cards: Player 16 - Computer 36
Game Over
Indigo Card Game
Play first?
> > no
Initial cards on the table: A♠ 10♠ J♥ Q♠

4 cards on the table, and the top card is Q♠
8♥ 4♠ 5♦ 3♥ Q♦ 3♦
Computer plays Q♦
Computer wins cards
Score: Player 0 - Computer 5
Cards: Player 0 - Computer 5

No cards on the table
Cards in hand: 1)K♥ 2)10♦ 3)5♥ 4)Q♣ 5)7♦ 6)2♦
Choose a card to play (1-6):
> > 1

1 cards on the table, and the top card is K♥
8♥ 4♠ 5♦ 3♥ 3♦
Computer plays 8♥
Computer wins cards
Score: Player 0 - Computer 6
Cards: Player 0 - Computer 7

No cards on the table
Cards in hand: 1)10♦ 2)5♥ 3)Q♣ 4)7♦ 5)2♦
Choose a card to play (1-5):
> > 1

1 cards on the table, and the top card is 10♦
4♠ 5♦ 3♥ 3♦
Computer plays 5♦
Computer wins cards
Score: Player 0 - Computer 7
Cards: Player 0 - Computer 9

No cards on the table
Cards in hand: 1)5♥ 2)Q♣ 3)7♦ 4)2♦
Choose a card to play (1-4):
> > 3

1 cards on the table, and the top card is 7♦
4♠ 3♥ 3♦
Computer plays 3♦
Computer wins cards
Score: Player 0 - Computer 7
Cards: Player 0 - Computer 11

No cards on the table
Cards in hand: 1)5♥ 2)Q♣ 3)2♦
Choose a card to play (1-3):
> > 1

1 cards on the table, and the top card is 5♥
4♠ 3♥
Computer plays 3♥
Computer wins cards
Score: Player 0 - Computer 7
Cards: Player 0 - Computer 13

No cards on the table
Cards in hand: 1)Q♣ 2)2♦
Choose a card to play (1-2):
> > 1

1 cards on the table, and the top card is Q♣
4♠
Computer plays 4♠

2 cards on the table, and the top card is 4♠
Cards in hand: 1)2♦
Choose a card to play (1-1):
> > 1

3 cards on the table, and the top card is 2♦
4♣ 6♥ 2♣ 10♥ 6♦ 5♣
Computer plays 2♣
Computer wins cards
Score: Player 0 - Computer 8
Cards: Player 0 - Computer 17

No cards on the table
Cards in hand: 1)3♣ 2)7♣ 3)8♦ 4)9♣ 5)K♠ 6)10♣
Choose a card to play (1-6):
> > 1

1 cards on the table, and the top card is 3♣
4♣ 6♥ 10♥ 6♦ 5♣
Computer plays 4♣
Computer wins cards
Score: Player 0 - Computer 8
Cards: Player 0 - Computer 19

No cards on the table
Cards in hand: 1)7♣ 2)8♦ 3)9♣ 4)K♠ 5)10♣
Choose a card to play (1-5):
> > 1

1 cards on the table, and the top card is 7♣
6♥ 10♥ 6♦ 5♣
Computer plays 5♣
Computer wins cards
Score: Player 0 - Computer 8
Cards: Player 0 - Computer 21

No cards on the table
Cards in hand: 1)8♦ 2)9♣ 3)K♠ 4)10♣
Choose a card to play (1-4):
> > 2

1 cards on the table, and the top card is 9♣
6♥ 10♥ 6♦
Computer plays 6♥

2 cards on the table, and the top card is 6♥
Cards in hand: 1)8♦ 2)K♠ 3)10♣
Choose a card to play (1-3):
> > 1

3 cards on the table, and the top card is 8♦
10♥ 6♦
Computer plays 6♦
Computer wins cards
Score: Player 0 - Computer 8
Cards: Player 0 - Computer 25

No cards on the table
Cards in hand: 1)K♠ 2)10♣
Choose a card to play (1-2):
> > 1

1 cards on the table, and the top card is K♠
10♥
Computer plays 10♥

2 cards on the table, and the top card is 10♥
Cards in hand: 1)10♣
Choose a card to play (1-1):
> > 1
Player wins cards
Score: Player 3 - Computer 8
Cards: Player 3 - Computer 25

No cards on the table
2♠ J♠ 8♠ 6♣ 4♦ Q♥
Computer plays 2♠

1 cards on the table, and the top card is 2♠
Cards in hand: 1)3♠ 2)7♠ 3)K♦ 4)9♦ 5)6♠ 6)2♥
Choose a card to play (1-6):
> > 1
Player wins cards
Score: Player 3 - Computer 8
Cards: Player 5 - Computer 25

No cards on the table
J♠ 8♠ 6♣ 4♦ Q♥
Computer plays J♠

1 cards on the table, and the top card is J♠
Cards in hand: 1)7♠ 2)K♦ 3)9♦ 4)6♠ 5)2♥
Choose a card to play (1-5):
> > 1
Player wins cards
Score: Player 4 - Computer 8
Cards: Player 7 - Computer 25

No cards on the table
8♠ 6♣ 4♦ Q♥
Computer plays 4♦

1 cards on the table, and the top card is 4♦
Cards in hand: 1)K♦ 2)9♦ 3)6♠ 4)2♥
Choose a card to play (1-4):
> > 1
Player wins cards
Score: Player 5 - Computer 8
Cards: Player 9 - Computer 25

No cards on the table
8♠ 6♣ Q♥
Computer plays Q♥

1 cards on the table, and the top card is Q♥
Cards in hand: 1)9♦ 2)6♠ 3)2♥
Choose a card to play (1-3):
> > 1

2 cards on the table, and the top card is 9♦
8♠ 6♣
Computer plays 8♠

3 cards on the table, and the top card is 8♠
Cards in hand: 1)6♠ 2)2♥
Choose a card to play (1-2):
> > 1
Player wins cards
Score: Player 6 - Computer 8
Cards: Player 13 - Computer 25

No cards on the table
6♣
Computer plays 6♣

1 cards on the table, and the top card is 6♣
Cards in hand: 1)2♥
Choose a card to play (1-1):
> > 1

2 cards on the table, and the top card is 2♥
A♣ 7♥ 8♣ A♦ J♦ 4♥
Computer plays 7♥
Computer wins cards
Score: Player 6 - Computer 8
Cards: Player 13 - Computer 28

No cards on the table
Cards in hand: 1)9♠ 2)J♣ 3)9♥ 4)5♠ 5)K♣ 6)A♥
Choose a card to play (1-6):
> > 1

1 cards on the table, and the top card is 9♠
A♣ 8♣ A♦ J♦ 4♥
Computer plays A♣

2 cards on the table, and the top card is A♣
Cards in hand: 1)J♣ 2)9♥ 3)5♠ 4)K♣ 5)A♥
Choose a card to play (1-5):
> > 2

3 cards on the table, and the top card is 9♥
8♣ A♦ J♦ 4♥
Computer plays 4♥
Computer wins cards
Score: Player 6 - Computer 9
Cards: Player 13 - Computer 32

No cards on the table
Cards in hand: 1)J♣ 2)5♠ 3)K♣ 4)A♥
Choose a card to play (1-4):
> > 1

1 cards on the table, and the top card is J♣
8♣ A♦ J♦
Computer plays J♦
Computer wins cards
Score: Player 6 - Computer 11
Cards: Player 13 - Computer 34

No cards on the table
Cards in hand: 1)5♠ 2)K♣ 3)A♥
Choose a card to play (1-3):
> > 1

1 cards on the table, and the top card is 5♠
8♣ A♦
Computer plays 8♣

2 cards on the table, and the top card is 8♣
Cards in hand: 1)K♣ 2)A♥
Choose a card to play (1-2):
> > 1
Player wins cards
Score: Player 7 - Computer 11
Cards: Player 16 - Computer 34

No cards on the table
A♦
Computer plays A♦

1 cards on the table, and the top card is A♦
Cards in hand: 1)A♥
Choose a card to play (1-1):
> > 1
Player wins cards
Score: Player 9 - Computer 11
Cards: Player 18 - Computer 34

No cards on the table
Score: Player 9 - Computer 14
Cards: Player 18 - Computer 34
Game Over
Indigo Card Game
Play first?
> > no
Initial cards on the table: Q♦ 5♥ 6♣ 2♠

4 cards on the table, and the top card is 2♠
Q♣ 6♥ 6♦ 3♥ 7♥ 4♥
Computer plays 6♥

5 cards on the table, and the top card is 6♥
Cards in hand: 1)3♦ 2)5♠ 3)A♠ 4)A♦ 5)9♦ 6)7♠
Choose a card to play (1-6):
> > 2

6 cards on the table, and the top card is 5♠
Q♣ 6♦ 3♥ 7♥ 4♥
Computer plays 3♥

7 cards on the table, and the top card is 3♥
Cards in hand: 1)3♦ 2)A♠ 3)A♦ 4)9♦ 5)7♠
Choose a card to play (1-5):
> > 2

8 cards on the table, and the top card is A♠
Q♣ 6♦ 7♥ 4♥
Computer plays 7♥

9 cards on the table, and the top card is 7♥
Cards in hand: 1)3♦ 2)A♦ 3)9♦ 4)7♠
Choose a card to play (1-4):
> > 1

10 cards on the table, and the top card is 3♦
Q♣ 6♦ 4♥
Computer plays 6♦
Computer wins cards
Score: Player 0 - Computer 2
Cards: Player 0 - Computer 11

No cards on the table
Cards in hand: 1)A♦ 2)9♦ 3)7♠
Choose a card to play (1-3):
> > 1

1 cards on the table, and the top card is A♦
Q♣ 4♥
Computer plays Q♣

2 cards on the table, and the top card is Q♣
Cards in hand: 1)9♦ 2)7♠
Choose a card to play (1-2):
> > 1

3 cards on the table, and the top card is 9♦
4♥
Computer plays 4♥

4 cards on the table, and the top card is 4♥
Cards in hand: 1)7♠
Choose a card to play (1-1):
> > 1

5 cards on the table, and the top card is 7♠
10♣ K♥ 5♦ J♠ K♣ 8♥
Computer plays J♠
Computer wins cards
Score: Player 0 - Computer 5
Cards: Player 0 - Computer 17

No cards on the table
Cards in hand: 1)8♣ 2)4♦ 3)10♠ 4)8♦ 5)2♣ 6)5♣
Choose a card to play (1-6):
> > 2

1 cards on the table, and the top card is 4♦
10♣ K♥ 5♦ K♣ 8♥
Computer plays 5♦
Computer wins cards
Score: Player 0 - Computer 5
Cards: Player 0 - Computer 19

No cards on the table
Cards in hand: 1)8♣ 2)10♠ 3)8♦ 4)2♣ 5)5♣
Choose a card to play (1-5):
> > 1

1 cards on the table, and the top card is 8♣
10♣ K♥ K♣ 8♥
Computer plays 10♣
Computer wins cards
Score: Player 0 - Computer 6
Cards: Player 0 - Computer 21

No cards on the table
Cards in hand: 1)10♠ 2)8♦ 3)2♣ 4)5♣
Choose a card to play (1-4):
> > 3

1 cards on the table, and the top card is 2♣
K♥ K♣ 8♥
Computer plays K♣
Computer wins cards
Score: Player 0 - Computer 7
Cards: Player 0 - Computer 23

No cards on the table
Cards in hand: 1)10♠ 2)8♦ 3)5♣
Choose a card to play (1-3):
> > 1

1 cards on the table, and the top card is 10♠
K♥ 8♥
Computer plays K♥

2 cards on the table, and the top card is K♥
Cards in hand: 1)8♦ 2)5♣
Choose a card to play (1-2):
> > 1

3 cards on the table, and the top card is 8♦
8♥
Computer plays 8♥
Computer wins cards
Score: Player 0 - Computer 9
Cards: Player 0 - Computer 27

No cards on the table
Cards in hand: 1)5♣
Choose a card to play (1-1):
> > 1

1 cards on the table, and the top card is 5♣
A♥ 10♥ 9♠ 7♦ 2♦ 2♥
Computer plays A♥

2 cards on the table, and the top card is A♥
Cards in hand: 1)J♦ 2)A♣ 3)K♠ 4)8♠ 5)9♣ 6)K♦
Choose a card to play (1-6):
> > 3

3 cards on the table, and the top card is K♠
10♥ 9♠ 7♦ 2♦ 2♥
Computer plays 9♠
Computer wins cards
Score: Player 0 - Computer 11
Cards: Player 0 - Computer 31

No cards on the table
Cards in hand: 1)J♦ 2)A♣ 3)8♠ 4)9♣ 5)K♦
Choose a card to play (1-5):
> > 1

1 cards on the table, and the top card is J♦
10♥ 7♦ 2♦ 2♥
Computer plays 7♦
Computer wins cards
Score: Player 0 - Computer 12
Cards: Player 0 - Computer 33

No cards on the table
Cards in hand: 1)A♣ 2)8♠ 3)9♣ 4)K♦
Choose a card to play (1-4):
> > 1

1 cards on the table, and the top card is A♣
10♥ 2♦ 2♥
Computer plays 10♥

2 cards on the table, and the top card is 10♥
Cards in hand: 1)8♠ 2)9♣ 3)K♦
Choose a card to play (1-3):
> > 1

3 cards on the table, and the top card is 8♠
2♦ 2♥
Computer plays 2♦

4 cards on the table, and the top card is 2♦
Cards in hand: 1)9♣ 2)K♦
Choose a card to play (1-2):
> > 1

5 cards on the table, and the top card is 9♣
2♥
Computer plays 2♥

6 cards on the table, and the top card is 2♥
Cards in hand: 1)K♦
Choose a card to play (1-1):
> > 1

7 cards on the table, and the top card is K♦
4♠ 3♣ 6♠ 10♦ 3♠ Q♠
Computer plays 10♦
Computer wins cards
Score: Player 0 - Computer 16
Cards: Player 0 - Computer 41

No cards on the table
Cards in hand: 1)J♥ 2)7♣ 3)9♥ 4)Q♥ 5)J♣ 6)4♣
Choose a card to play (1-6):
> > 1

1 cards on the table, and the top card is J♥
4♠ 3♣ 6♠ 3♠ Q♠
Computer plays 4♠

2 cards on the table, and the top card is 4♠
Cards in hand: 1)7♣ 2)9♥ 3)Q♥ 4)J♣ 5)4♣
Choose a card to play (1-5):
> > 2

3 cards on the table, and the top card is 9♥
3♣ 6♠ 3♠ Q♠
Computer plays 6♠

4 cards on the table, and the top card is 6♠
Cards in hand: 1)7♣ 2)Q♥ 3)J♣ 4)4♣
Choose a card to play (1-4):
> > 1

5 cards on the table, and the top card is 7♣
3♣ 3♠ Q♠
Computer plays 3♣
Computer wins cards
Score: Player 0 - Computer 17
Cards: Player 0 - Computer 47

No cards on the table
Cards in hand: 1)Q♥ 2)J♣ 3)4♣
Choose a card to play (1-3):
> > 2

1 cards on the table, and the top card is J♣
3♠ Q♠
Computer plays 3♠

2 cards on the table, and the top card is 3♠
Cards in hand: 1)Q♥ 2)4♣
Choose a card to play (1-2):
> > 1

3 cards on the table, and the top card is Q♥
Q♠
Computer plays Q♠
Computer wins cards
Score: Player 0 - Computer 20
Cards: Player 0 - Computer 51

No cards on the table
Cards in hand: 1)4♣
Choose a card to play (1-1):
> > 1

1 cards on the table, and the top card is 4♣
Score: Player 0 - Computer 23
Cards: Player 0 - Computer 52
Game Over
?[1;31m
Start test 4?[0m
Indigo Card Game
Play first?
> > yes
Initial cards on the table: Q♠ 10♣ 2♣ K♦

4 cards on the table, and the top card is K♦
Cards in hand: 1)5♣ 2)Q♣ 3)6♥ 4)4♠ 5)6♣ 6)J♣
Choose a card to play (1-6):
> > 0
Choose a card to play (1-6):
> > 7
Choose a card to play (1-6):
> > One
Choose a card to play (1-6):
> > exit
Game Over
]]></system-out>
  <system-err><![CDATA[]]></system-err>
</testsuite>
